\BOOKMARK [0][]{part.1}{\376\377\000I\000\040\000L\000e\000z\000i\000o\000n\000e\000\040\0001\000\050\0001\0003\000/\0001\0000\000/\0002\0000\0002\0005\000\051\000\040}{}% 1
\BOOKMARK [1][]{section.1}{\376\377\0001\000\040\000D\000e\000f\000i\000n\000i\000z\000i\000o\000n\000e\000\040\000d\000i\000\040\000A\000l\000g\000o\000r\000i\000t\000m\000o}{part.1}% 2
\BOOKMARK [2][]{subsection.1.1}{\376\377\0001\000.\0001\000\040\000M\000o\000d\000e\000l\000l\000o\000\040\000R\000A\000M\000\040\000\050\000R\000a\000n\000d\000o\000m\000\040\000A\000c\000c\000e\000s\000s\000\040\000M\000a\000c\000h\000i\000n\000e\000\051\000\040}{section.1}% 3
\BOOKMARK [1][]{section.2}{\376\377\0002\000\040\000A\000n\000a\000l\000i\000s\000i\000\040\000d\000i\000\040\000C\000o\000m\000p\000l\000e\000s\000s\000i\000t\000\340}{part.1}% 4
\BOOKMARK [2][]{subsection.2.1}{\376\377\0002\000.\0001\000\040\000C\000a\000s\000o\000\040\000O\000t\000t\000i\000m\000o\000,\000\040\000P\000e\000s\000s\000i\000m\000o\000,\000\040\000M\000e\000d\000i\000o}{section.2}% 5
\BOOKMARK [1][]{section.3}{\376\377\0003\000\040\000E\000s\000e\000m\000p\000i\000o\000\040\0001\000:\000\040\000M\000i\000n\000i\000m\000o\000\040\000i\000n\000\040\000V\000e\000t\000t\000o\000r\000e}{part.1}% 6
\BOOKMARK [1][]{section.4}{\376\377\0004\000\040\000E\000s\000e\000m\000p\000i\000o\000\040\0002\000:\000\040\000C\000e\000r\000c\000a\000\040\000K\000\040}{part.1}% 7
\BOOKMARK [1][]{section.5}{\376\377\0005\000\040\000E\000s\000e\000m\000p\000i\000o\000\040\0003\000:\000\040\000M\000i\000n\000i\000m\000o\000\040\000i\000n\000\040\000V\000e\000t\000t\000o\000r\000e\000\040\000O\000r\000d\000i\000n\000a\000t\000o\000\040}{part.1}% 8
\BOOKMARK [1][]{section.6}{\376\377\0006\000\040\000E\000s\000e\000m\000p\000i\000o\000\040\0004\000:\000\040\000C\000e\000r\000c\000a\000\040\000K\000\040\000i\000n\000\040\000V\000e\000t\000t\000o\000r\000e\000\040\000O\000r\000d\000i\000n\000a\000t\000o\000\040\000\050\000R\000i\000c\000e\000r\000c\000a\000\040\000B\000i\000n\000a\000r\000i\000a\000\051\000\040}{part.1}% 9
\BOOKMARK [1][]{section.7}{\376\377\0007\000\040\000D\000i\000f\000f\000e\000r\000e\000n\000z\000a\000\040\000C\000h\000i\000a\000v\000e\000:\000\040\000O\000\050\000n\000\051\000\040\000\050\000L\000i\000n\000e\000a\000r\000e\000\051\000\040\000v\000s\000.\000\040\000O\000\050\000n\000\051\000\040\000\050\000L\000o\000g\000a\000r\000i\000t\000m\000i\000c\000o\000\051}{part.1}% 10
\BOOKMARK [1][]{section.8}{\376\377\0008\000\040\000C\000a\000s\000o\000\040\000P\000e\000s\000s\000i\000m\000o\000,\000\040\000M\000e\000d\000i\000o\000\040\000e\000\040\000O\000t\000t\000i\000m\000o}{part.1}% 11
\BOOKMARK [1][]{section.9}{\376\377\0009\000\040\000C\000l\000a\000s\000s\000i\000\040\000d\000i\000\040\000C\000o\000m\000p\000l\000e\000s\000s\000i\000t\000\340\000\040\000\050\000d\000a\000l\000\040\000p\000i\000\371\000\040\000v\000e\000l\000o\000c\000e\000\040\000a\000l\000\040\000p\000i\000\371\000\040\000l\000e\000n\000t\000o\000\051}{part.1}% 12
\BOOKMARK [1][]{section.10}{\376\377\0001\0000\000\040\000R\000e\000g\000o\000l\000e\000\040\000d\000i\000\040\000C\000a\000l\000c\000o\000l\000o\000\040\000\050\000C\000o\000m\000e\000\040\000C\000o\000m\000b\000i\000n\000a\000r\000e\000\051}{part.1}% 13
\BOOKMARK [1][]{section.11}{\376\377\0001\0001\000\040\000I\000m\000p\000a\000t\000t\000o\000\040\000d\000e\000l\000l\000'\000O\000r\000d\000i\000n\000a\000m\000e\000n\000t\000o\000:\000\040\000A\000r\000r\000a\000y\000\040\000O\000r\000d\000i\000n\000a\000t\000o\000\040\000v\000s\000.\000\040\000N\000o\000n\000\040\000O\000r\000d\000i\000n\000a\000t\000o}{part.1}% 14
\BOOKMARK [2][]{subsection.11.1}{\376\377\0001\0001\000.\0001\000\040\000Q\000u\000a\000n\000d\000o\000\040\000h\000a\000\040\000s\000e\000n\000s\000o\000\040\000o\000r\000d\000i\000n\000a\000r\000e\000\040\000l\000'\000a\000r\000r\000a\000y\000?}{section.11}% 15
\BOOKMARK [1][]{section.12}{\376\377\0001\0002\000\040\000C\000o\000m\000p\000l\000e\000s\000s\000i\000t\000\340\000\040\000S\000p\000a\000z\000i\000a\000l\000e\000\040\000\050\000C\000e\000n\000n\000o\000\051}{part.1}% 16
\BOOKMARK [1][]{section.13}{\376\377\0001\0003\000\040\000E\000s\000e\000m\000p\000i\000\040\000d\000i\000\040\000A\000n\000a\000l\000i\000s\000i\000\040\000\050\000L\000i\000n\000g\000u\000a\000g\000g\000i\000o\000\040\000M\000A\000O\000\051}{part.1}% 17
\BOOKMARK [0][]{part.2}{\376\377\000I\000I\000\040\000L\000e\000z\000i\000o\000n\000e\000\040\0001\0003\000\040\000\050\0001\0006\000/\0001\0000\000/\0002\0000\0002\0005\000\051\000\040}{}% 18
\BOOKMARK [1][]{section.14}{\376\377\0001\0004\000\040\000S\000e\000l\000e\000c\000t\000i\000o\000n\000\040\000S\000o\000r\000t\000\040\000\050\000A\000n\000a\000l\000i\000s\000i\000\051\000\040}{part.2}% 19
\BOOKMARK [2][]{subsection.14.1}{\376\377\0001\0004\000.\0001\000\040\000A\000n\000a\000l\000i\000s\000i\000\040\000C\000o\000m\000p\000l\000e\000s\000s\000i\000t\000\340\000\040\000\050\000N\000u\000m\000e\000r\000o\000\040\000C\000o\000n\000f\000r\000o\000n\000t\000i\000\051\000\040}{section.14}% 20
\BOOKMARK [2][]{subsection.14.2}{\376\377\0001\0004\000.\0002\000\040\000I\000n\000v\000a\000r\000i\000a\000n\000t\000e\000\040\000d\000i\000\040\000C\000i\000c\000l\000o\000\040}{section.14}% 21
\BOOKMARK [1][]{section.15}{\376\377\0001\0005\000\040\000E\000s\000e\000r\000c\000i\000z\000i}{part.2}% 22
\BOOKMARK [0][]{part.3}{\376\377\000I\000I\000I\000\040\000L\000e\000z\000i\000o\000n\000e\000\040\0001\0003\000\040\000\050\0001\0006\000/\0001\0000\000/\0002\0000\0002\0005\000\051\000\040}{}% 23
\BOOKMARK [1][]{section.16}{\376\377\0001\0006\000\040\000S\000e\000l\000e\000c\000t\000i\000o\000n\000\040\000S\000o\000r\000t\000\040\000\050\000A\000n\000a\000l\000i\000s\000i\000\051\000\040}{part.3}% 24
\BOOKMARK [2][]{subsection.16.1}{\376\377\0001\0006\000.\0001\000\040\000A\000n\000a\000l\000i\000s\000i\000\040\000C\000o\000m\000p\000l\000e\000s\000s\000i\000t\000\340\000\040\000\050\000N\000u\000m\000e\000r\000o\000\040\000C\000o\000n\000f\000r\000o\000n\000t\000i\000\051\000\040}{section.16}% 25
\BOOKMARK [2][]{subsection.16.2}{\376\377\0001\0006\000.\0002\000\040\000I\000n\000v\000a\000r\000i\000a\000n\000t\000e\000\040\000d\000i\000\040\000C\000i\000c\000l\000o\000\040}{section.16}% 26
\BOOKMARK [1][]{section.17}{\376\377\0001\0007\000\040\000E\000s\000e\000r\000c\000i\000z\000i}{part.3}% 27
\BOOKMARK [0][]{part.4}{\376\377\000I\000V\000\040\000L\000e\000z\000i\000o\000n\000e\000\040\0001\0004\000\040\000\050\0002\0000\000/\0001\0000\000/\0002\0000\0002\0005\000\051\000\040}{}% 28
\BOOKMARK [1][]{section.18}{\376\377\0001\0008\000\040\000N\000o\000t\000a\000z\000i\000o\000n\000e\000\040\000A\000s\000i\000n\000t\000o\000t\000i\000c\000a\000\040}{part.4}% 29
\BOOKMARK [1][]{section.19}{\376\377\0001\0009\000\040\000N\000o\000t\000a\000z\000i\000o\000n\000e\000\040\000\040\000\050\000T\000h\000e\000t\000a\000\051\000\040\000-\000\040\000L\000i\000m\000i\000t\000e\000\040\000S\000t\000r\000e\000t\000t\000o\000\040}{part.4}% 30
\BOOKMARK [1][]{section.20}{\376\377\0002\0000\000\040\000N\000o\000t\000a\000z\000i\000o\000n\000e\000\040\000O\000\040\000\050\000O\000-\000g\000r\000a\000n\000d\000e\000\051\000\040\000-\000\040\000L\000i\000m\000i\000t\000e\000\040\000S\000u\000p\000e\000r\000i\000o\000r\000e\000\040}{part.4}% 31
\BOOKMARK [1][]{section.21}{\376\377\0002\0001\000\040\000N\000o\000t\000a\000z\000i\000o\000n\000e\000\040\000\040\000\050\000O\000m\000e\000g\000a\000\051\000\040\000-\000\040\000L\000i\000m\000i\000t\000e\000\040\000I\000n\000f\000e\000r\000i\000o\000r\000e\000\040}{part.4}% 32
\BOOKMARK [2][]{subsection.21.1}{\376\377\0002\0001\000.\0001\000\040\000T\000e\000o\000r\000e\000m\000a}{section.21}% 33
\BOOKMARK [1][]{section.22}{\376\377\0002\0002\000\040\000P\000r\000o\000p\000r\000i\000e\000t\000\340\000\040\000e\000\040\000G\000e\000r\000a\000r\000c\000h\000i\000a}{part.4}% 34
\BOOKMARK [2][]{subsection.22.1}{\376\377\0002\0002\000.\0001\000\040\000G\000e\000r\000a\000r\000c\000h\000i\000a\000\040\000d\000e\000g\000l\000i\000\040\000o\000r\000d\000i\000n\000i\000\040\000d\000i\000\040\000g\000r\000a\000n\000d\000e\000z\000z\000a\000\040}{section.22}% 35
\BOOKMARK [0][]{part.5}{\376\377\000V\000\040\000L\000e\000z\000i\000o\000n\000e\000\040\0002\0001\000\040\000\050\0000\0006\000/\0001\0001\000/\0002\0000\0002\0005\000\051\000\040}{}% 36
\BOOKMARK [1][]{section.23}{\376\377\0002\0003\000\040\000P\000a\000r\000a\000d\000i\000g\000m\000a\000\040\000D\000i\000v\000i\000d\000e\000\040\000e\000t\000\040\000I\000m\000p\000e\000r\000a\000\040}{part.5}% 37
\BOOKMARK [2][]{subsection.23.1}{\376\377\0002\0003\000.\0001\000\040\000D\000i\000a\000g\000r\000a\000m\000m\000a\000\040\000C\000o\000n\000c\000e\000t\000t\000u\000a\000l\000e\000\040}{section.23}% 38
\BOOKMARK [1][]{section.24}{\376\377\0002\0004\000\040\000A\000n\000a\000l\000i\000s\000i\000\040\000C\000o\000m\000p\000l\000e\000s\000s\000i\000t\000\340\000\040\000D\000\046\000I}{part.5}% 39
\BOOKMARK [1][]{section.25}{\376\377\0002\0005\000\040\000E\000s\000e\000m\000p\000i\000o\000:\000\040\000R\000i\000c\000e\000r\000c\000a\000\040\000B\000i\000n\000a\000r\000i\000a\000\040\000\050\000D\000\046\000I\000\051\000\040}{part.5}% 40
\BOOKMARK [1][]{section.26}{\376\377\0002\0006\000\040\000E\000s\000e\000m\000p\000i\000o\000:\000\040\000M\000i\000n\000i\000m\000o\000/\000M\000a\000s\000s\000i\000m\000o\000\040\000\050\000D\000\046\000I\000\051\000\040}{part.5}% 41
\BOOKMARK [0][]{part.6}{\376\377\000V\000I\000\040\000L\000e\000z\000i\000o\000n\000e\000\040\0002\0002\000\040\000\050\0001\0000\000/\0001\0001\000/\0002\0000\0002\0005\000\051\000\040}{}% 42
\BOOKMARK [1][]{section.27}{\376\377\0002\0007\000\040\000M\000e\000r\000g\000e\000s\000o\000r\000t\000\040}{part.6}% 43
\BOOKMARK [2][]{subsection.27.1}{\376\377\0002\0007\000.\0001\000\040\000P\000s\000e\000u\000d\000o\000c\000o\000d\000i\000c\000e\000\040\000M\000e\000r\000g\000e\000s\000o\000r\000t}{section.27}% 44
\BOOKMARK [2][]{subsection.27.2}{\376\377\0002\0007\000.\0002\000\040\000P\000r\000o\000c\000e\000d\000u\000r\000a\000\040\000M\000e\000r\000g\000e\000\040}{section.27}% 45
\BOOKMARK [2][]{subsection.27.3}{\376\377\0002\0007\000.\0003\000\040\000A\000n\000a\000l\000i\000s\000i\000\040\000C\000o\000m\000p\000l\000e\000s\000s\000i\000t\000\340\000\040\000M\000e\000r\000g\000e\000s\000o\000r\000t\000\040}{section.27}% 46
\BOOKMARK [2][]{subsection.27.4}{\376\377\0002\0007\000.\0004\000\040\000E\000s\000e\000m\000p\000i\000o\000:\000\040\000A\000l\000b\000e\000r\000o\000\040\000d\000e\000l\000l\000e\000\040\000C\000h\000i\000a\000m\000a\000t\000e\000\040}{section.27}% 47
\BOOKMARK [0][]{part.7}{\376\377\000V\000I\000I\000\040\000L\000e\000z\000i\000o\000n\000e\000\040\0002\0004\000\040\000\050\0001\0003\000/\0001\0001\000/\0002\0000\0002\0005\000\051}{}% 48
\BOOKMARK [1][]{section.28}{\376\377\0002\0008\000\040\000D\000i\000m\000o\000s\000t\000r\000a\000z\000i\000o\000n\000e\000\040\000d\000e\000l\000\040\000T\000e\000o\000r\000e\000m\000a\000\040\000P\000r\000i\000n\000c\000i\000p\000a\000l\000e}{part.7}% 49
\BOOKMARK [2][]{subsection.28.1}{\376\377\0002\0008\000.\0001\000\040\000M\000e\000t\000o\000d\000o\000\040\000I\000t\000e\000r\000a\000t\000i\000v\000o\000\040\000\050\000D\000e\000r\000i\000v\000a\000z\000i\000o\000n\000e\000\040\000d\000e\000l\000l\000a\000\040\000F\000o\000r\000m\000u\000l\000a\000\051}{section.28}% 50
\BOOKMARK [2][]{subsection.28.2}{\376\377\0002\0008\000.\0002\000\040\000A\000n\000a\000l\000i\000s\000i\000\040\000d\000e\000i\000\040\000C\000a\000s\000i\000\040\000d\000e\000l\000\040\000T\000e\000o\000r\000e\000m\000a}{section.28}% 51
\BOOKMARK [1][]{section.29}{\376\377\0002\0009\000\040\000E\000s\000e\000r\000c\000i\000z\000i\000o\000\040\000\050\000C\000o\000m\000p\000i\000t\000i\000n\000o\000\040\0002\0004\000-\0002\0005\000\051}{part.7}% 52
\BOOKMARK [0][]{part.8}{\376\377\000V\000I\000I\000I\000\040\000M\000a\000s\000t\000e\000r\000'\000s\000\040\000T\000h\000e\000o\000r\000e\000m}{}% 53
\BOOKMARK [1][]{section.30}{\376\377\0003\0000\000\040\000G\000u\000i\000d\000a\000\040\000P\000r\000a\000t\000i\000c\000a\000\040\000a\000l\000l\000'\000A\000p\000p\000l\000i\000c\000a\000z\000i\000o\000n\000e\000\040\000d\000e\000l\000\040\000M\000a\000s\000t\000e\000r\000'\000s\000\040\000T\000h\000e\000o\000r\000e\000m}{part.8}% 54
